16:04:36 INFO  : Registering command handlers for SDK TCF services
16:04:37 INFO  : Launching XSCT server: xsct.bat -interactive E:\SISLAB\zcu106_work\Advanced-Embedded-System-Design-Flow-on-Zynq\sources\zcu106\lab3\lab3\lab3.sdk\temp_xsdb_launch_script.tcl
16:04:41 INFO  : XSCT server has started successfully.
16:04:42 INFO  : Successfully done setting XSCT server connection channel  
16:04:42 INFO  : Successfully done setting SDK workspace  
16:04:42 INFO  : Processing command line option -hwspec E:/SISLAB/zcu106_work/Advanced-Embedded-System-Design-Flow-on-Zynq/sources/zcu106/lab3/lab3/lab3.sdk/system_wrapper.hdf.
16:16:19 INFO  : Invoking Bootgen: bootgen -image lab3.bif -arch zynqmp -o E:\SISLAB\zcu106_work\Advanced-Embedded-System-Design-Flow-on-Zynq\sources\zcu106\lab3\BOOT.bin
16:16:19 INFO  : Creating new bif file E:\SISLAB\zcu106_work\Advanced-Embedded-System-Design-Flow-on-Zynq\sources\zcu106\lab3\lab3.bif
16:16:21 INFO  : Bootgen command execution is done.
17:09:41 INFO  : Launching XSCT server: xsct.bat -interactive E:\SISLAB\zcu106_work\Advanced-Embedded-System-Design-Flow-on-Zynq\sources\zcu106\lab3\lab3\lab3.sdk\temp_xsdb_launch_script.tcl
17:09:44 INFO  : XSCT server has started successfully.
17:09:44 INFO  : Successfully done setting XSCT server connection channel  
17:09:44 INFO  : Successfully done setting SDK workspace  
17:09:59 INFO  : Registering command handlers for SDK TCF services
17:09:59 INFO  : Processing command line option -hwspec E:/SISLAB/zcu106_work/Advanced-Embedded-System-Design-Flow-on-Zynq/sources/zcu106/lab3/lab3/lab3.sdk/system_wrapper.hdf.
17:10:00 INFO  : Checking for hwspec changes in the project system_wrapper_hw_platform_0.
17:10:44 INFO  : Invoking Bootgen: bootgen -image lab3.bif -arch zynqmp -o E:\SISLAB\zcu106_work\Advanced-Embedded-System-Design-Flow-on-Zynq\sources\zcu106\lab3\lab3.bin
17:10:44 INFO  : Creating new bif file E:\SISLAB\zcu106_work\Advanced-Embedded-System-Design-Flow-on-Zynq\sources\zcu106\lab3\lab3.bif
17:10:47 INFO  : Bootgen command execution is done.
22:25:16 INFO  : Launching XSCT server: xsct.bat -interactive E:\SISLAB\zcu106_work\Advanced-Embedded-System-Design-Flow-on-Zynq\sources\zcu106\lab3\lab3\lab3.sdk\temp_xsdb_launch_script.tcl
22:25:19 INFO  : XSCT server has started successfully.
22:25:19 INFO  : Successfully done setting XSCT server connection channel  
22:25:19 INFO  : Successfully done setting SDK workspace  
22:25:36 INFO  : Registering command handlers for SDK TCF services
14:15:59 INFO  : Registering command handlers for SDK TCF services
14:16:00 INFO  : Launching XSCT server: xsct.bat -interactive E:\SISLAB\zcu106_work\Advanced-Embedded-System-Design-Flow-on-Zynq\sources\zcu106\lab3\lab3\lab3.sdk\temp_xsdb_launch_script.tcl
14:16:03 INFO  : XSCT server has started successfully.
14:16:03 INFO  : Successfully done setting XSCT server connection channel  
14:16:03 INFO  : Successfully done setting SDK workspace  
15:09:32 INFO  : Registering command handlers for SDK TCF services
15:09:33 INFO  : Launching XSCT server: xsct.bat -interactive E:\SISLAB\zcu106_work\Advanced-Embedded-System-Design-Flow-on-Zynq\sources\zcu106\lab3\lab3\lab3.sdk\temp_xsdb_launch_script.tcl
15:09:35 INFO  : XSCT server has started successfully.
15:09:35 INFO  : Successfully done setting XSCT server connection channel  
15:09:35 INFO  : Successfully done setting SDK workspace  
