
*** Running vivado
    with args -log system_wrapper.vds -m64 -product Vivado -mode batch -messageDb vivado.pb -notrace -source system_wrapper.tcl


****** Vivado v2018.2 (64-bit)
  **** SW Build 2258646 on Thu Jun 14 20:03:12 MDT 2018
  **** IP Build 2256618 on Thu Jun 14 22:10:49 MDT 2018
    ** Copyright 1986-2018 Xilinx, Inc. All Rights Reserved.

source system_wrapper.tcl -notrace
INFO: [IP_Flow 19-234] Refreshing IP repositories
INFO: [IP_Flow 19-1704] No user IP repositories specified
INFO: [IP_Flow 19-2313] Loaded Vivado IP repository 'F:/Xilinx/Vivado/2018.2/data/ip'.
add_files: Time (s): cpu = 00:00:09 ; elapsed = 00:00:12 . Memory (MB): peak = 829.309 ; gain = 585.098
Command: synth_design -top system_wrapper -part xczu7ev-ffvc1156-2-e
Starting synth_design
Attempting to get a license for feature 'Synthesis' and/or device 'xczu7ev'
INFO: [Common 17-349] Got license for feature 'Synthesis' and/or device 'xczu7ev'
INFO: Launching helper process for spawning children vivado processes
INFO: Helper process launched with PID 10652 
---------------------------------------------------------------------------------
Starting RTL Elaboration : Time (s): cpu = 00:00:02 ; elapsed = 00:00:03 . Memory (MB): peak = 829.309 ; gain = 0.000
---------------------------------------------------------------------------------
INFO: [Synth 8-6157] synthesizing module 'system_wrapper' [E:/SISLAB/zcu106_work/Advanced-Embedded-System-Design-Flow-on-Zynq/sources/zcu106/lab3/lab3/lab3.srcs/sources_1/bd/system/hdl/system_wrapper.v:12]
INFO: [Synth 8-6157] synthesizing module 'system' [E:/SISLAB/zcu106_work/Advanced-Embedded-System-Design-Flow-on-Zynq/sources/zcu106/lab3/lab3/lab3.srcs/sources_1/bd/system/synth/system.v:819]
INFO: [Synth 8-6157] synthesizing module 'system_axi_bram_ctrl_0_1' [E:/SISLAB/zcu106_work/Advanced-Embedded-System-Design-Flow-on-Zynq/sources/zcu106/lab3/lab3/lab3.runs/synth_1/.Xil/Vivado-15272-LAPTOP-TRUNG/realtime/system_axi_bram_ctrl_0_1_stub.v:6]
INFO: [Synth 8-6155] done synthesizing module 'system_axi_bram_ctrl_0_1' (1#1) [E:/SISLAB/zcu106_work/Advanced-Embedded-System-Design-Flow-on-Zynq/sources/zcu106/lab3/lab3/lab3.runs/synth_1/.Xil/Vivado-15272-LAPTOP-TRUNG/realtime/system_axi_bram_ctrl_0_1_stub.v:6]
INFO: [Synth 8-6157] synthesizing module 'system_axi_bram_ctrl_0_bram_1' [E:/SISLAB/zcu106_work/Advanced-Embedded-System-Design-Flow-on-Zynq/sources/zcu106/lab3/lab3/lab3.runs/synth_1/.Xil/Vivado-15272-LAPTOP-TRUNG/realtime/system_axi_bram_ctrl_0_bram_1_stub.v:6]
INFO: [Synth 8-6155] done synthesizing module 'system_axi_bram_ctrl_0_bram_1' (2#1) [E:/SISLAB/zcu106_work/Advanced-Embedded-System-Design-Flow-on-Zynq/sources/zcu106/lab3/lab3/lab3.runs/synth_1/.Xil/Vivado-15272-LAPTOP-TRUNG/realtime/system_axi_bram_ctrl_0_bram_1_stub.v:6]
WARNING: [Synth 8-350] instance 'axi_bram_ctrl_0_bram' of module 'system_axi_bram_ctrl_0_bram_1' requires 16 connections, but only 14 given [E:/SISLAB/zcu106_work/Advanced-Embedded-System-Design-Flow-on-Zynq/sources/zcu106/lab3/lab3/lab3.srcs/sources_1/bd/system/synth/system.v:1060]
INFO: [Synth 8-6157] synthesizing module 'system_axi_smc_1' [E:/SISLAB/zcu106_work/Advanced-Embedded-System-Design-Flow-on-Zynq/sources/zcu106/lab3/lab3/lab3.runs/synth_1/.Xil/Vivado-15272-LAPTOP-TRUNG/realtime/system_axi_smc_1_stub.v:6]
INFO: [Synth 8-6155] done synthesizing module 'system_axi_smc_1' (3#1) [E:/SISLAB/zcu106_work/Advanced-Embedded-System-Design-Flow-on-Zynq/sources/zcu106/lab3/lab3/lab3.runs/synth_1/.Xil/Vivado-15272-LAPTOP-TRUNG/realtime/system_axi_smc_1_stub.v:6]
WARNING: [Synth 8-350] instance 'axi_smc' of module 'system_axi_smc_1' requires 76 connections, but only 72 given [E:/SISLAB/zcu106_work/Advanced-Embedded-System-Design-Flow-on-Zynq/sources/zcu106/lab3/lab3/lab3.srcs/sources_1/bd/system/synth/system.v:1075]
INFO: [Synth 8-6157] synthesizing module 'system_axi_gpio_0_1' [E:/SISLAB/zcu106_work/Advanced-Embedded-System-Design-Flow-on-Zynq/sources/zcu106/lab3/lab3/lab3.runs/synth_1/.Xil/Vivado-15272-LAPTOP-TRUNG/realtime/system_axi_gpio_0_1_stub.v:6]
INFO: [Synth 8-6155] done synthesizing module 'system_axi_gpio_0_1' (4#1) [E:/SISLAB/zcu106_work/Advanced-Embedded-System-Design-Flow-on-Zynq/sources/zcu106/lab3/lab3/lab3.runs/synth_1/.Xil/Vivado-15272-LAPTOP-TRUNG/realtime/system_axi_gpio_0_1_stub.v:6]
INFO: [Synth 8-6157] synthesizing module 'system_axi_gpio_0_2' [E:/SISLAB/zcu106_work/Advanced-Embedded-System-Design-Flow-on-Zynq/sources/zcu106/lab3/lab3/lab3.runs/synth_1/.Xil/Vivado-15272-LAPTOP-TRUNG/realtime/system_axi_gpio_0_2_stub.v:6]
INFO: [Synth 8-6155] done synthesizing module 'system_axi_gpio_0_2' (5#1) [E:/SISLAB/zcu106_work/Advanced-Embedded-System-Design-Flow-on-Zynq/sources/zcu106/lab3/lab3/lab3.runs/synth_1/.Xil/Vivado-15272-LAPTOP-TRUNG/realtime/system_axi_gpio_0_2_stub.v:6]
INFO: [Synth 8-6157] synthesizing module 'system_ps8_0_axi_periph_1' [E:/SISLAB/zcu106_work/Advanced-Embedded-System-Design-Flow-on-Zynq/sources/zcu106/lab3/lab3/lab3.srcs/sources_1/bd/system/synth/system.v:1410]
INFO: [Synth 8-6157] synthesizing module 'm00_couplers_imp_N6CHY9' [E:/SISLAB/zcu106_work/Advanced-Embedded-System-Design-Flow-on-Zynq/sources/zcu106/lab3/lab3/lab3.srcs/sources_1/bd/system/synth/system.v:12]
INFO: [Synth 8-6155] done synthesizing module 'm00_couplers_imp_N6CHY9' (6#1) [E:/SISLAB/zcu106_work/Advanced-Embedded-System-Design-Flow-on-Zynq/sources/zcu106/lab3/lab3/lab3.srcs/sources_1/bd/system/synth/system.v:12]
INFO: [Synth 8-6157] synthesizing module 'm01_couplers_imp_1YGIC8G' [E:/SISLAB/zcu106_work/Advanced-Embedded-System-Design-Flow-on-Zynq/sources/zcu106/lab3/lab3/lab3.srcs/sources_1/bd/system/synth/system.v:144]
INFO: [Synth 8-6155] done synthesizing module 'm01_couplers_imp_1YGIC8G' (7#1) [E:/SISLAB/zcu106_work/Advanced-Embedded-System-Design-Flow-on-Zynq/sources/zcu106/lab3/lab3/lab3.srcs/sources_1/bd/system/synth/system.v:144]
INFO: [Synth 8-6157] synthesizing module 'm02_couplers_imp_1MV52F6' [E:/SISLAB/zcu106_work/Advanced-Embedded-System-Design-Flow-on-Zynq/sources/zcu106/lab3/lab3/lab3.srcs/sources_1/bd/system/synth/system.v:276]
INFO: [Synth 8-6155] done synthesizing module 'm02_couplers_imp_1MV52F6' (8#1) [E:/SISLAB/zcu106_work/Advanced-Embedded-System-Design-Flow-on-Zynq/sources/zcu106/lab3/lab3/lab3.srcs/sources_1/bd/system/synth/system.v:276]
INFO: [Synth 8-6157] synthesizing module 's00_couplers_imp_RR89KG' [E:/SISLAB/zcu106_work/Advanced-Embedded-System-Design-Flow-on-Zynq/sources/zcu106/lab3/lab3/lab3.srcs/sources_1/bd/system/synth/system.v:408]
INFO: [Synth 8-6157] synthesizing module 'system_auto_ds_0' [E:/SISLAB/zcu106_work/Advanced-Embedded-System-Design-Flow-on-Zynq/sources/zcu106/lab3/lab3/lab3.runs/synth_1/.Xil/Vivado-15272-LAPTOP-TRUNG/realtime/system_auto_ds_0_stub.v:6]
INFO: [Synth 8-6155] done synthesizing module 'system_auto_ds_0' (9#1) [E:/SISLAB/zcu106_work/Advanced-Embedded-System-Design-Flow-on-Zynq/sources/zcu106/lab3/lab3/lab3.runs/synth_1/.Xil/Vivado-15272-LAPTOP-TRUNG/realtime/system_auto_ds_0_stub.v:6]
INFO: [Synth 8-6157] synthesizing module 'system_auto_pc_0' [E:/SISLAB/zcu106_work/Advanced-Embedded-System-Design-Flow-on-Zynq/sources/zcu106/lab3/lab3/lab3.runs/synth_1/.Xil/Vivado-15272-LAPTOP-TRUNG/realtime/system_auto_pc_0_stub.v:6]
INFO: [Synth 8-6155] done synthesizing module 'system_auto_pc_0' (10#1) [E:/SISLAB/zcu106_work/Advanced-Embedded-System-Design-Flow-on-Zynq/sources/zcu106/lab3/lab3/lab3.runs/synth_1/.Xil/Vivado-15272-LAPTOP-TRUNG/realtime/system_auto_pc_0_stub.v:6]
INFO: [Synth 8-6155] done synthesizing module 's00_couplers_imp_RR89KG' (11#1) [E:/SISLAB/zcu106_work/Advanced-Embedded-System-Design-Flow-on-Zynq/sources/zcu106/lab3/lab3/lab3.srcs/sources_1/bd/system/synth/system.v:408]
INFO: [Synth 8-6157] synthesizing module 'system_xbar_1' [E:/SISLAB/zcu106_work/Advanced-Embedded-System-Design-Flow-on-Zynq/sources/zcu106/lab3/lab3/lab3.runs/synth_1/.Xil/Vivado-15272-LAPTOP-TRUNG/realtime/system_xbar_1_stub.v:6]
INFO: [Synth 8-6155] done synthesizing module 'system_xbar_1' (12#1) [E:/SISLAB/zcu106_work/Advanced-Embedded-System-Design-Flow-on-Zynq/sources/zcu106/lab3/lab3/lab3.runs/synth_1/.Xil/Vivado-15272-LAPTOP-TRUNG/realtime/system_xbar_1_stub.v:6]
WARNING: [Synth 8-350] instance 'xbar' of module 'system_xbar_1' requires 40 connections, but only 38 given [E:/SISLAB/zcu106_work/Advanced-Embedded-System-Design-Flow-on-Zynq/sources/zcu106/lab3/lab3/lab3.srcs/sources_1/bd/system/synth/system.v:2053]
INFO: [Synth 8-6155] done synthesizing module 'system_ps8_0_axi_periph_1' (13#1) [E:/SISLAB/zcu106_work/Advanced-Embedded-System-Design-Flow-on-Zynq/sources/zcu106/lab3/lab3/lab3.srcs/sources_1/bd/system/synth/system.v:1410]
INFO: [Synth 8-6157] synthesizing module 'system_rst_ps8_0_136M_1' [E:/SISLAB/zcu106_work/Advanced-Embedded-System-Design-Flow-on-Zynq/sources/zcu106/lab3/lab3/lab3.runs/synth_1/.Xil/Vivado-15272-LAPTOP-TRUNG/realtime/system_rst_ps8_0_136M_1_stub.v:6]
INFO: [Synth 8-6155] done synthesizing module 'system_rst_ps8_0_136M_1' (14#1) [E:/SISLAB/zcu106_work/Advanced-Embedded-System-Design-Flow-on-Zynq/sources/zcu106/lab3/lab3/lab3.runs/synth_1/.Xil/Vivado-15272-LAPTOP-TRUNG/realtime/system_rst_ps8_0_136M_1_stub.v:6]
WARNING: [Synth 8-350] instance 'rst_ps8_0_136M' of module 'system_rst_ps8_0_136M_1' requires 10 connections, but only 6 given [E:/SISLAB/zcu106_work/Advanced-Embedded-System-Design-Flow-on-Zynq/sources/zcu106/lab3/lab3/lab3.srcs/sources_1/bd/system/synth/system.v:1289]
INFO: [Synth 8-6157] synthesizing module 'system_rst_ps8_0_99M_1' [E:/SISLAB/zcu106_work/Advanced-Embedded-System-Design-Flow-on-Zynq/sources/zcu106/lab3/lab3/lab3.runs/synth_1/.Xil/Vivado-15272-LAPTOP-TRUNG/realtime/system_rst_ps8_0_99M_1_stub.v:6]
INFO: [Synth 8-6155] done synthesizing module 'system_rst_ps8_0_99M_1' (15#1) [E:/SISLAB/zcu106_work/Advanced-Embedded-System-Design-Flow-on-Zynq/sources/zcu106/lab3/lab3/lab3.runs/synth_1/.Xil/Vivado-15272-LAPTOP-TRUNG/realtime/system_rst_ps8_0_99M_1_stub.v:6]
WARNING: [Synth 8-350] instance 'rst_ps8_0_99M' of module 'system_rst_ps8_0_99M_1' requires 10 connections, but only 7 given [E:/SISLAB/zcu106_work/Advanced-Embedded-System-Design-Flow-on-Zynq/sources/zcu106/lab3/lab3/lab3.srcs/sources_1/bd/system/synth/system.v:1296]
INFO: [Synth 8-6157] synthesizing module 'system_axi_gpio_0_3' [E:/SISLAB/zcu106_work/Advanced-Embedded-System-Design-Flow-on-Zynq/sources/zcu106/lab3/lab3/lab3.runs/synth_1/.Xil/Vivado-15272-LAPTOP-TRUNG/realtime/system_axi_gpio_0_3_stub.v:6]
INFO: [Synth 8-6155] done synthesizing module 'system_axi_gpio_0_3' (16#1) [E:/SISLAB/zcu106_work/Advanced-Embedded-System-Design-Flow-on-Zynq/sources/zcu106/lab3/lab3/lab3.runs/synth_1/.Xil/Vivado-15272-LAPTOP-TRUNG/realtime/system_axi_gpio_0_3_stub.v:6]
INFO: [Synth 8-6157] synthesizing module 'system_zynq_ultra_ps_e_0_0' [E:/SISLAB/zcu106_work/Advanced-Embedded-System-Design-Flow-on-Zynq/sources/zcu106/lab3/lab3/lab3.runs/synth_1/.Xil/Vivado-15272-LAPTOP-TRUNG/realtime/system_zynq_ultra_ps_e_0_0_stub.v:6]
INFO: [Synth 8-6155] done synthesizing module 'system_zynq_ultra_ps_e_0_0' (17#1) [E:/SISLAB/zcu106_work/Advanced-Embedded-System-Design-Flow-on-Zynq/sources/zcu106/lab3/lab3/lab3.runs/synth_1/.Xil/Vivado-15272-LAPTOP-TRUNG/realtime/system_zynq_ultra_ps_e_0_0_stub.v:6]
WARNING: [Synth 8-350] instance 'zynq_ultra_ps_e_0' of module 'system_zynq_ultra_ps_e_0_0' requires 84 connections, but only 82 given [E:/SISLAB/zcu106_work/Advanced-Embedded-System-Design-Flow-on-Zynq/sources/zcu106/lab3/lab3/lab3.srcs/sources_1/bd/system/synth/system.v:1325]
INFO: [Synth 8-6155] done synthesizing module 'system' (18#1) [E:/SISLAB/zcu106_work/Advanced-Embedded-System-Design-Flow-on-Zynq/sources/zcu106/lab3/lab3/lab3.srcs/sources_1/bd/system/synth/system.v:819]
INFO: [Synth 8-6155] done synthesizing module 'system_wrapper' (19#1) [E:/SISLAB/zcu106_work/Advanced-Embedded-System-Design-Flow-on-Zynq/sources/zcu106/lab3/lab3/lab3.srcs/sources_1/bd/system/hdl/system_wrapper.v:12]
WARNING: [Synth 8-3331] design s00_couplers_imp_RR89KG has unconnected port M_ACLK
WARNING: [Synth 8-3331] design s00_couplers_imp_RR89KG has unconnected port M_ARESETN
WARNING: [Synth 8-3331] design m02_couplers_imp_1MV52F6 has unconnected port M_ACLK
WARNING: [Synth 8-3331] design m02_couplers_imp_1MV52F6 has unconnected port M_ARESETN
WARNING: [Synth 8-3331] design m02_couplers_imp_1MV52F6 has unconnected port S_ACLK
WARNING: [Synth 8-3331] design m02_couplers_imp_1MV52F6 has unconnected port S_ARESETN
WARNING: [Synth 8-3331] design m01_couplers_imp_1YGIC8G has unconnected port M_ACLK
WARNING: [Synth 8-3331] design m01_couplers_imp_1YGIC8G has unconnected port M_ARESETN
WARNING: [Synth 8-3331] design m01_couplers_imp_1YGIC8G has unconnected port S_ACLK
WARNING: [Synth 8-3331] design m01_couplers_imp_1YGIC8G has unconnected port S_ARESETN
WARNING: [Synth 8-3331] design m00_couplers_imp_N6CHY9 has unconnected port M_ACLK
WARNING: [Synth 8-3331] design m00_couplers_imp_N6CHY9 has unconnected port M_ARESETN
WARNING: [Synth 8-3331] design m00_couplers_imp_N6CHY9 has unconnected port S_ACLK
WARNING: [Synth 8-3331] design m00_couplers_imp_N6CHY9 has unconnected port S_ARESETN
---------------------------------------------------------------------------------
Finished RTL Elaboration : Time (s): cpu = 00:00:03 ; elapsed = 00:00:04 . Memory (MB): peak = 829.309 ; gain = 0.000
---------------------------------------------------------------------------------

Report Check Netlist: 
+------+------------------+-------+---------+-------+------------------+
|      |Item              |Errors |Warnings |Status |Description       |
+------+------------------+-------+---------+-------+------------------+
|1     |multi_driven_nets |      0|        0|Passed |Multi driven nets |
+------+------------------+-------+---------+-------+------------------+
---------------------------------------------------------------------------------
Start Handling Custom Attributes
---------------------------------------------------------------------------------
---------------------------------------------------------------------------------
Finished Handling Custom Attributes : Time (s): cpu = 00:00:03 ; elapsed = 00:00:04 . Memory (MB): peak = 829.309 ; gain = 0.000
---------------------------------------------------------------------------------
---------------------------------------------------------------------------------
Finished RTL Optimization Phase 1 : Time (s): cpu = 00:00:03 ; elapsed = 00:00:04 . Memory (MB): peak = 829.309 ; gain = 0.000
---------------------------------------------------------------------------------
INFO: [Device 21-403] Loading part xczu7ev-ffvc1156-2-e
INFO: [Project 1-570] Preparing netlist for logic optimization

Processing XDC Constraints
Initializing timing engine
Parsing XDC File [e:/SISLAB/zcu106_work/Advanced-Embedded-System-Design-Flow-on-Zynq/sources/zcu106/lab3/lab3/lab3.srcs/sources_1/bd/system/ip/system_zynq_ultra_ps_e_0_0/system_zynq_ultra_ps_e_0_0/system_zynq_ultra_ps_e_0_0_in_context.xdc] for cell 'system_i/zynq_ultra_ps_e_0'
Finished Parsing XDC File [e:/SISLAB/zcu106_work/Advanced-Embedded-System-Design-Flow-on-Zynq/sources/zcu106/lab3/lab3/lab3.srcs/sources_1/bd/system/ip/system_zynq_ultra_ps_e_0_0/system_zynq_ultra_ps_e_0_0/system_zynq_ultra_ps_e_0_0_in_context.xdc] for cell 'system_i/zynq_ultra_ps_e_0'
Parsing XDC File [e:/SISLAB/zcu106_work/Advanced-Embedded-System-Design-Flow-on-Zynq/sources/zcu106/lab3/lab3/lab3.srcs/sources_1/bd/system/ip/system_axi_gpio_0_1/system_axi_gpio_0_1/system_axi_gpio_0_1_in_context.xdc] for cell 'system_i/buttons'
Finished Parsing XDC File [e:/SISLAB/zcu106_work/Advanced-Embedded-System-Design-Flow-on-Zynq/sources/zcu106/lab3/lab3/lab3.srcs/sources_1/bd/system/ip/system_axi_gpio_0_1/system_axi_gpio_0_1/system_axi_gpio_0_1_in_context.xdc] for cell 'system_i/buttons'
Parsing XDC File [e:/SISLAB/zcu106_work/Advanced-Embedded-System-Design-Flow-on-Zynq/sources/zcu106/lab3/lab3/lab3.srcs/sources_1/bd/system/ip/system_rst_ps8_0_99M_1/system_rst_ps8_0_99M_1/system_rst_ps8_0_99M_1_in_context.xdc] for cell 'system_i/rst_ps8_0_99M'
Finished Parsing XDC File [e:/SISLAB/zcu106_work/Advanced-Embedded-System-Design-Flow-on-Zynq/sources/zcu106/lab3/lab3/lab3.srcs/sources_1/bd/system/ip/system_rst_ps8_0_99M_1/system_rst_ps8_0_99M_1/system_rst_ps8_0_99M_1_in_context.xdc] for cell 'system_i/rst_ps8_0_99M'
Parsing XDC File [e:/SISLAB/zcu106_work/Advanced-Embedded-System-Design-Flow-on-Zynq/sources/zcu106/lab3/lab3/lab3.srcs/sources_1/bd/system/ip/system_axi_gpio_0_2/system_axi_gpio_0_2/system_axi_gpio_0_2_in_context.xdc] for cell 'system_i/leds'
Finished Parsing XDC File [e:/SISLAB/zcu106_work/Advanced-Embedded-System-Design-Flow-on-Zynq/sources/zcu106/lab3/lab3/lab3.srcs/sources_1/bd/system/ip/system_axi_gpio_0_2/system_axi_gpio_0_2/system_axi_gpio_0_2_in_context.xdc] for cell 'system_i/leds'
Parsing XDC File [e:/SISLAB/zcu106_work/Advanced-Embedded-System-Design-Flow-on-Zynq/sources/zcu106/lab3/lab3/lab3.srcs/sources_1/bd/system/ip/system_axi_gpio_0_3/system_axi_gpio_0_3/system_axi_gpio_0_3_in_context.xdc] for cell 'system_i/switches'
Finished Parsing XDC File [e:/SISLAB/zcu106_work/Advanced-Embedded-System-Design-Flow-on-Zynq/sources/zcu106/lab3/lab3/lab3.srcs/sources_1/bd/system/ip/system_axi_gpio_0_3/system_axi_gpio_0_3/system_axi_gpio_0_3_in_context.xdc] for cell 'system_i/switches'
Parsing XDC File [e:/SISLAB/zcu106_work/Advanced-Embedded-System-Design-Flow-on-Zynq/sources/zcu106/lab3/lab3/lab3.srcs/sources_1/bd/system/ip/system_axi_bram_ctrl_0_1/system_axi_bram_ctrl_0_1/system_axi_bram_ctrl_0_0_in_context.xdc] for cell 'system_i/axi_bram_ctrl_0'
Finished Parsing XDC File [e:/SISLAB/zcu106_work/Advanced-Embedded-System-Design-Flow-on-Zynq/sources/zcu106/lab3/lab3/lab3.srcs/sources_1/bd/system/ip/system_axi_bram_ctrl_0_1/system_axi_bram_ctrl_0_1/system_axi_bram_ctrl_0_0_in_context.xdc] for cell 'system_i/axi_bram_ctrl_0'
Parsing XDC File [e:/SISLAB/zcu106_work/Advanced-Embedded-System-Design-Flow-on-Zynq/sources/zcu106/lab3/lab3/lab3.srcs/sources_1/bd/system/ip/system_axi_smc_1/system_axi_smc_1/system_axi_smc_1_in_context.xdc] for cell 'system_i/axi_smc'
Finished Parsing XDC File [e:/SISLAB/zcu106_work/Advanced-Embedded-System-Design-Flow-on-Zynq/sources/zcu106/lab3/lab3/lab3.srcs/sources_1/bd/system/ip/system_axi_smc_1/system_axi_smc_1/system_axi_smc_1_in_context.xdc] for cell 'system_i/axi_smc'
Parsing XDC File [e:/SISLAB/zcu106_work/Advanced-Embedded-System-Design-Flow-on-Zynq/sources/zcu106/lab3/lab3/lab3.srcs/sources_1/bd/system/ip/system_rst_ps8_0_136M_1/system_rst_ps8_0_136M_1/system_rst_ps8_0_136M_0_in_context.xdc] for cell 'system_i/rst_ps8_0_136M'
Finished Parsing XDC File [e:/SISLAB/zcu106_work/Advanced-Embedded-System-Design-Flow-on-Zynq/sources/zcu106/lab3/lab3/lab3.srcs/sources_1/bd/system/ip/system_rst_ps8_0_136M_1/system_rst_ps8_0_136M_1/system_rst_ps8_0_136M_0_in_context.xdc] for cell 'system_i/rst_ps8_0_136M'
Parsing XDC File [e:/SISLAB/zcu106_work/Advanced-Embedded-System-Design-Flow-on-Zynq/sources/zcu106/lab3/lab3/lab3.srcs/sources_1/bd/system/ip/system_axi_bram_ctrl_0_bram_1/system_axi_bram_ctrl_0_bram_1/system_axi_bram_ctrl_0_bram_0_in_context.xdc] for cell 'system_i/axi_bram_ctrl_0_bram'
Finished Parsing XDC File [e:/SISLAB/zcu106_work/Advanced-Embedded-System-Design-Flow-on-Zynq/sources/zcu106/lab3/lab3/lab3.srcs/sources_1/bd/system/ip/system_axi_bram_ctrl_0_bram_1/system_axi_bram_ctrl_0_bram_1/system_axi_bram_ctrl_0_bram_0_in_context.xdc] for cell 'system_i/axi_bram_ctrl_0_bram'
Parsing XDC File [e:/SISLAB/zcu106_work/Advanced-Embedded-System-Design-Flow-on-Zynq/sources/zcu106/lab3/lab3/lab3.srcs/sources_1/bd/system/ip/system_xbar_1/system_xbar_1/system_xbar_1_in_context.xdc] for cell 'system_i/ps8_0_axi_periph/xbar'
Finished Parsing XDC File [e:/SISLAB/zcu106_work/Advanced-Embedded-System-Design-Flow-on-Zynq/sources/zcu106/lab3/lab3/lab3.srcs/sources_1/bd/system/ip/system_xbar_1/system_xbar_1/system_xbar_1_in_context.xdc] for cell 'system_i/ps8_0_axi_periph/xbar'
Parsing XDC File [e:/SISLAB/zcu106_work/Advanced-Embedded-System-Design-Flow-on-Zynq/sources/zcu106/lab3/lab3/lab3.srcs/sources_1/bd/system/ip/system_auto_ds_0/system_auto_ds_0/system_auto_ds_0_in_context.xdc] for cell 'system_i/ps8_0_axi_periph/s00_couplers/auto_ds'
Finished Parsing XDC File [e:/SISLAB/zcu106_work/Advanced-Embedded-System-Design-Flow-on-Zynq/sources/zcu106/lab3/lab3/lab3.srcs/sources_1/bd/system/ip/system_auto_ds_0/system_auto_ds_0/system_auto_ds_0_in_context.xdc] for cell 'system_i/ps8_0_axi_periph/s00_couplers/auto_ds'
Parsing XDC File [e:/SISLAB/zcu106_work/Advanced-Embedded-System-Design-Flow-on-Zynq/sources/zcu106/lab3/lab3/lab3.srcs/sources_1/bd/system/ip/system_auto_pc_0/system_auto_pc_0/system_auto_pc_1_in_context.xdc] for cell 'system_i/ps8_0_axi_periph/s00_couplers/auto_pc'
Finished Parsing XDC File [e:/SISLAB/zcu106_work/Advanced-Embedded-System-Design-Flow-on-Zynq/sources/zcu106/lab3/lab3/lab3.srcs/sources_1/bd/system/ip/system_auto_pc_0/system_auto_pc_0/system_auto_pc_1_in_context.xdc] for cell 'system_i/ps8_0_axi_periph/s00_couplers/auto_pc'
Parsing XDC File [E:/SISLAB/zcu106_work/Advanced-Embedded-System-Design-Flow-on-Zynq/sources/zcu106/lab3/lab3/lab3.runs/synth_1/dont_touch.xdc]
Finished Parsing XDC File [E:/SISLAB/zcu106_work/Advanced-Embedded-System-Design-Flow-on-Zynq/sources/zcu106/lab3/lab3/lab3.runs/synth_1/dont_touch.xdc]
Completed Processing XDC Constraints

INFO: [Project 1-111] Unisim Transformation Summary:
No Unisim elements were transformed.

Constraint Validation Runtime : Time (s): cpu = 00:00:00 ; elapsed = 00:00:00.030 . Memory (MB): peak = 1569.816 ; gain = 0.000
WARNING: [Timing 38-316] Clock period '20.000' specified during out-of-context synthesis of instance 'system_i/axi_bram_ctrl_0_bram' at clock pin 'clka' is different from the actual clock period '7.334', this can lead to different synthesis results.
---------------------------------------------------------------------------------
Finished Constraint Validation : Time (s): cpu = 00:00:17 ; elapsed = 00:00:21 . Memory (MB): peak = 1569.816 ; gain = 740.508
---------------------------------------------------------------------------------
---------------------------------------------------------------------------------
Start Loading Part and Timing Information
---------------------------------------------------------------------------------
Loading part: xczu7ev-ffvc1156-2-e
---------------------------------------------------------------------------------
Finished Loading Part and Timing Information : Time (s): cpu = 00:00:17 ; elapsed = 00:00:21 . Memory (MB): peak = 1569.816 ; gain = 740.508
---------------------------------------------------------------------------------
---------------------------------------------------------------------------------
Start Applying 'set_property' XDC Constraints
---------------------------------------------------------------------------------
Applied set_property DONT_TOUCH = true for system_i. (constraint file  auto generated constraint, line ).
Applied set_property DONT_TOUCH = true for system_i/zynq_ultra_ps_e_0. (constraint file  auto generated constraint, line ).
Applied set_property DONT_TOUCH = true for system_i/buttons. (constraint file  auto generated constraint, line ).
Applied set_property DONT_TOUCH = true for system_i/ps8_0_axi_periph. (constraint file  auto generated constraint, line ).
Applied set_property DONT_TOUCH = true for system_i/rst_ps8_0_99M. (constraint file  auto generated constraint, line ).
Applied set_property DONT_TOUCH = true for system_i/leds. (constraint file  auto generated constraint, line ).
Applied set_property DONT_TOUCH = true for system_i/switches. (constraint file  auto generated constraint, line ).
Applied set_property DONT_TOUCH = true for system_i/axi_bram_ctrl_0. (constraint file  auto generated constraint, line ).
Applied set_property DONT_TOUCH = true for system_i/axi_smc. (constraint file  auto generated constraint, line ).
Applied set_property DONT_TOUCH = true for system_i/rst_ps8_0_136M. (constraint file  auto generated constraint, line ).
Applied set_property DONT_TOUCH = true for system_i/axi_bram_ctrl_0_bram. (constraint file  auto generated constraint, line ).
Applied set_property DONT_TOUCH = true for system_i/ps8_0_axi_periph/xbar. (constraint file  auto generated constraint, line ).
Applied set_property DONT_TOUCH = true for system_i/ps8_0_axi_periph/s00_couplers/auto_ds. (constraint file  auto generated constraint, line ).
Applied set_property DONT_TOUCH = true for system_i/ps8_0_axi_periph/s00_couplers/auto_pc. (constraint file  auto generated constraint, line ).
---------------------------------------------------------------------------------
Finished applying 'set_property' XDC Constraints : Time (s): cpu = 00:00:17 ; elapsed = 00:00:21 . Memory (MB): peak = 1569.816 ; gain = 740.508
---------------------------------------------------------------------------------
---------------------------------------------------------------------------------
Finished RTL Optimization Phase 2 : Time (s): cpu = 00:00:17 ; elapsed = 00:00:21 . Memory (MB): peak = 1569.816 ; gain = 740.508
---------------------------------------------------------------------------------

Report RTL Partitions: 
+-+--------------+------------+----------+
| |RTL Partition |Replication |Instances |
+-+--------------+------------+----------+
+-+--------------+------------+----------+
---------------------------------------------------------------------------------
Start RTL Component Statistics 
---------------------------------------------------------------------------------
Detailed RTL Component Info : 
---------------------------------------------------------------------------------
Finished RTL Component Statistics 
---------------------------------------------------------------------------------
---------------------------------------------------------------------------------
Start RTL Hierarchical Component Statistics 
---------------------------------------------------------------------------------
Hierarchical RTL Component report 
---------------------------------------------------------------------------------
Finished RTL Hierarchical Component Statistics
---------------------------------------------------------------------------------
---------------------------------------------------------------------------------
Start Part Resource Summary
---------------------------------------------------------------------------------
Part Resources:
DSPs: 1728 (col length:144)
BRAMs: 624 (col length: RAMB18 144 RAMB36 72)
---------------------------------------------------------------------------------
Finished Part Resource Summary
---------------------------------------------------------------------------------
---------------------------------------------------------------------------------
Start Cross Boundary and Area Optimization
---------------------------------------------------------------------------------
Warning: Parallel synthesis criteria is not met 
WARNING: [Synth 8-3331] design system_ps8_0_axi_periph_1 has unconnected port M00_ACLK
WARNING: [Synth 8-3331] design system_ps8_0_axi_periph_1 has unconnected port M00_ARESETN
WARNING: [Synth 8-3331] design system_ps8_0_axi_periph_1 has unconnected port M01_ACLK
WARNING: [Synth 8-3331] design system_ps8_0_axi_periph_1 has unconnected port M01_ARESETN
WARNING: [Synth 8-3331] design system_ps8_0_axi_periph_1 has unconnected port M02_ACLK
WARNING: [Synth 8-3331] design system_ps8_0_axi_periph_1 has unconnected port M02_ARESETN
---------------------------------------------------------------------------------
Finished Cross Boundary and Area Optimization : Time (s): cpu = 00:00:18 ; elapsed = 00:00:22 . Memory (MB): peak = 1569.816 ; gain = 740.508
---------------------------------------------------------------------------------

Report RTL Partitions: 
+-+--------------+------------+----------+
| |RTL Partition |Replication |Instances |
+-+--------------+------------+----------+
+-+--------------+------------+----------+
---------------------------------------------------------------------------------
Start Applying XDC Timing Constraints
---------------------------------------------------------------------------------
INFO: [Synth 8-5578] Moved timing constraint from pin 'system_i/zynq_ultra_ps_e_0/pl_clk0' to pin 'system_i/zynq_ultra_ps_e_0/bbstub_pl_clk0/O'
INFO: [Synth 8-5578] Moved timing constraint from pin 'system_i/zynq_ultra_ps_e_0/pl_clk1' to pin 'system_i/zynq_ultra_ps_e_0/bbstub_pl_clk1/O'
INFO: [Synth 8-5578] Moved timing constraint from pin 'system_i/axi_bram_ctrl_0/bram_clk_a' to pin 'system_i/axi_bram_ctrl_0/bbstub_bram_clk_a/O'
INFO: [Synth 8-5578] Moved timing constraint from pin 'system_i/axi_bram_ctrl_0/bram_clk_b' to pin 'system_i/axi_bram_ctrl_0/bbstub_bram_clk_b/O'
INFO: [Synth 8-5819] Moved 4 constraints on hierarchical pins to their respective driving/loading pins
---------------------------------------------------------------------------------
Finished Applying XDC Timing Constraints : Time (s): cpu = 00:00:31 ; elapsed = 00:00:38 . Memory (MB): peak = 1975.180 ; gain = 1145.871
---------------------------------------------------------------------------------
---------------------------------------------------------------------------------
Start Timing Optimization
---------------------------------------------------------------------------------
---------------------------------------------------------------------------------
Finished Timing Optimization : Time (s): cpu = 00:00:31 ; elapsed = 00:00:38 . Memory (MB): peak = 1975.535 ; gain = 1146.227
---------------------------------------------------------------------------------

Report RTL Partitions: 
+-+--------------+------------+----------+
| |RTL Partition |Replication |Instances |
+-+--------------+------------+----------+
+-+--------------+------------+----------+
---------------------------------------------------------------------------------
Start Technology Mapping
---------------------------------------------------------------------------------
---------------------------------------------------------------------------------
Finished Technology Mapping : Time (s): cpu = 00:00:32 ; elapsed = 00:00:38 . Memory (MB): peak = 1976.898 ; gain = 1147.590
---------------------------------------------------------------------------------

Report RTL Partitions: 
+-+--------------+------------+----------+
| |RTL Partition |Replication |Instances |
+-+--------------+------------+----------+
+-+--------------+------------+----------+
---------------------------------------------------------------------------------
Start IO Insertion
---------------------------------------------------------------------------------
---------------------------------------------------------------------------------
Start Flattening Before IO Insertion
---------------------------------------------------------------------------------
---------------------------------------------------------------------------------
Finished Flattening Before IO Insertion
---------------------------------------------------------------------------------
---------------------------------------------------------------------------------
Start Final Netlist Cleanup
---------------------------------------------------------------------------------
---------------------------------------------------------------------------------
Finished Final Netlist Cleanup
---------------------------------------------------------------------------------
---------------------------------------------------------------------------------
Finished IO Insertion : Time (s): cpu = 00:00:32 ; elapsed = 00:00:39 . Memory (MB): peak = 1977.086 ; gain = 1147.777
---------------------------------------------------------------------------------

Report Check Netlist: 
+------+------------------+-------+---------+-------+------------------+
|      |Item              |Errors |Warnings |Status |Description       |
+------+------------------+-------+---------+-------+------------------+
|1     |multi_driven_nets |      0|        0|Passed |Multi driven nets |
+------+------------------+-------+---------+-------+------------------+
---------------------------------------------------------------------------------
Start Renaming Generated Instances
---------------------------------------------------------------------------------
---------------------------------------------------------------------------------
Finished Renaming Generated Instances : Time (s): cpu = 00:00:32 ; elapsed = 00:00:39 . Memory (MB): peak = 1977.086 ; gain = 1147.777
---------------------------------------------------------------------------------

Report RTL Partitions: 
+-+--------------+------------+----------+
| |RTL Partition |Replication |Instances |
+-+--------------+------------+----------+
+-+--------------+------------+----------+
---------------------------------------------------------------------------------
Start Rebuilding User Hierarchy
---------------------------------------------------------------------------------
---------------------------------------------------------------------------------
Finished Rebuilding User Hierarchy : Time (s): cpu = 00:00:33 ; elapsed = 00:00:39 . Memory (MB): peak = 1977.086 ; gain = 1147.777
---------------------------------------------------------------------------------
---------------------------------------------------------------------------------
Start Renaming Generated Ports
---------------------------------------------------------------------------------
---------------------------------------------------------------------------------
Finished Renaming Generated Ports : Time (s): cpu = 00:00:33 ; elapsed = 00:00:39 . Memory (MB): peak = 1977.086 ; gain = 1147.777
---------------------------------------------------------------------------------
---------------------------------------------------------------------------------
Start Handling Custom Attributes
---------------------------------------------------------------------------------
---------------------------------------------------------------------------------
Finished Handling Custom Attributes : Time (s): cpu = 00:00:33 ; elapsed = 00:00:39 . Memory (MB): peak = 1977.086 ; gain = 1147.777
---------------------------------------------------------------------------------
---------------------------------------------------------------------------------
Start Renaming Generated Nets
---------------------------------------------------------------------------------
---------------------------------------------------------------------------------
Finished Renaming Generated Nets : Time (s): cpu = 00:00:33 ; elapsed = 00:00:39 . Memory (MB): peak = 1977.086 ; gain = 1147.777
---------------------------------------------------------------------------------
---------------------------------------------------------------------------------
Start Writing Synthesis Report
---------------------------------------------------------------------------------

Report BlackBoxes: 
+------+------------------------------+----------+
|      |BlackBox name                 |Instances |
+------+------------------------------+----------+
|1     |system_xbar_1                 |         1|
|2     |system_auto_ds_0              |         1|
|3     |system_auto_pc_0              |         1|
|4     |system_axi_bram_ctrl_0_1      |         1|
|5     |system_axi_bram_ctrl_0_bram_1 |         1|
|6     |system_axi_smc_1              |         1|
|7     |system_axi_gpio_0_1           |         1|
|8     |system_axi_gpio_0_2           |         1|
|9     |system_rst_ps8_0_136M_1       |         1|
|10    |system_rst_ps8_0_99M_1        |         1|
|11    |system_axi_gpio_0_3           |         1|
|12    |system_zynq_ultra_ps_e_0_0    |         1|
+------+------------------------------+----------+

Report Cell Usage: 
+------+------------------------------+------+
|      |Cell                          |Count |
+------+------------------------------+------+
|1     |system_auto_ds_0              |     1|
|2     |system_auto_pc_0              |     1|
|3     |system_axi_bram_ctrl_0_1      |     1|
|4     |system_axi_bram_ctrl_0_bram_1 |     1|
|5     |system_axi_gpio_0_1           |     1|
|6     |system_axi_gpio_0_2           |     1|
|7     |system_axi_gpio_0_3           |     1|
|8     |system_axi_smc_1              |     1|
|9     |system_rst_ps8_0_136M_1       |     1|
|10    |system_rst_ps8_0_99M_1        |     1|
|11    |system_xbar_1                 |     1|
|12    |system_zynq_ultra_ps_e_0_0    |     1|
|13    |IBUF                          |    13|
|14    |OBUF                          |     8|
+------+------------------------------+------+

Report Instance Areas: 
+------+---------------------+--------------------------+------+
|      |Instance             |Module                    |Cells |
+------+---------------------+--------------------------+------+
|1     |top                  |                          |  2542|
|2     |  system_i           |system                    |  2521|
|3     |    ps8_0_axi_periph |system_ps8_0_axi_periph_1 |   941|
|4     |      s00_couplers   |s00_couplers_imp_RR89KG   |   519|
+------+---------------------+--------------------------+------+
---------------------------------------------------------------------------------
Finished Writing Synthesis Report : Time (s): cpu = 00:00:33 ; elapsed = 00:00:39 . Memory (MB): peak = 1977.086 ; gain = 1147.777
---------------------------------------------------------------------------------
Synthesis finished with 0 errors, 0 critical warnings and 6 warnings.
Synthesis Optimization Runtime : Time (s): cpu = 00:00:19 ; elapsed = 00:00:26 . Memory (MB): peak = 1977.105 ; gain = 407.289
Synthesis Optimization Complete : Time (s): cpu = 00:00:33 ; elapsed = 00:00:39 . Memory (MB): peak = 1977.105 ; gain = 1147.797
INFO: [Project 1-571] Translating synthesized netlist
INFO: [Netlist 29-17] Analyzing 13 Unisim elements for replacement
INFO: [Netlist 29-28] Unisim Transformation completed in 0 CPU seconds
INFO: [Project 1-570] Preparing netlist for logic optimization
INFO: [Opt 31-138] Pushed 0 inverter(s) to 0 load pin(s).
INFO: [Project 1-111] Unisim Transformation Summary:
  A total of 13 instances were transformed.
  IBUF => IBUF (IBUFCTRL, INBUF): 13 instances

INFO: [Common 17-83] Releasing license: Synthesis
57 Infos, 27 Warnings, 0 Critical Warnings and 0 Errors encountered.
synth_design completed successfully
synth_design: Time (s): cpu = 00:00:35 ; elapsed = 00:00:42 . Memory (MB): peak = 2023.684 ; gain = 1194.375
WARNING: [Constraints 18-5210] No constraint will be written out.
INFO: [Common 17-1381] The checkpoint 'E:/SISLAB/zcu106_work/Advanced-Embedded-System-Design-Flow-on-Zynq/sources/zcu106/lab3/lab3/lab3.runs/synth_1/system_wrapper.dcp' has been generated.
INFO: [runtcl-4] Executing : report_utilization -file system_wrapper_utilization_synth.rpt -pb system_wrapper_utilization_synth.pb
report_utilization: Time (s): cpu = 00:00:00 ; elapsed = 00:00:00.172 . Memory (MB): peak = 2023.988 ; gain = 0.000
INFO: [Common 17-206] Exiting Vivado at Wed Aug 30 15:50:16 2023...
