#-----------------------------------------------------------
# Webtalk v2018.2 (64-bit)
# SW Build 2258646 on Thu Jun 14 20:03:12 MDT 2018
# 
# Start of session at: Wed Aug 30 17:09:33 2023
# Process ID: 2352
# Current directory: E:/SISLAB/zcu106_work/Advanced-Embedded-System-Design-Flow-on-Zynq/sources/zcu106/lab5/lab5/lab5.sdk/webtalk
# Command line: wbtcv.exe -mode batch -source sdk_webtalk.tcl
# Log file: E:/SISLAB/zcu106_work/Advanced-Embedded-System-Design-Flow-on-Zynq/sources/zcu106/lab5/lab5/lab5.sdk/webtalk/webtalk.log
# Journal file: E:/SISLAB/zcu106_work/Advanced-Embedded-System-Design-Flow-on-Zynq/sources/zcu106/lab5/lab5/lab5.sdk/webtalk\webtalk.jou
#-----------------------------------------------------------
source sdk_webtalk.tcl
# webtalk_init -webtalk_dir E:\\SISLAB\\zcu106_work\\Advanced-Embedded-System-Design-Flow-on-Zynq\\sources\\zcu106\\lab5\\lab5\\lab5.sdk\\webtalk
# webtalk_register_client -client project
# webtalk_add_data -client project -key date_generated -value "2023-08-30 17:09:30" -context "software_version_and_target_device"
# webtalk_add_data -client project -key product_version -value "SDK v2018.2" -context "software_version_and_target_device"
# webtalk_add_data -client project -key build_version -value "2018.2" -context "software_version_and_target_device"
# webtalk_add_data -client project -key os_platform -value "amd64" -context "software_version_and_target_device"
# webtalk_add_data -client project -key registration_id -value "" -context "software_version_and_target_device"
# webtalk_add_data -client project -key tool_flow -value "SDK" -context "software_version_and_target_device"
# webtalk_add_data -client project -key beta -value "false" -context "software_version_and_target_device"
# webtalk_add_data -client project -key route_design -value "NA" -context "software_version_and_target_device"
# webtalk_add_data -client project -key target_family -value "NA" -context "software_version_and_target_device"
# webtalk_add_data -client project -key target_device -value "NA" -context "software_version_and_target_device"
# webtalk_add_data -client project -key target_package -value "NA" -context "software_version_and_target_device"
# webtalk_add_data -client project -key target_speed -value "NA" -context "software_version_and_target_device"
# webtalk_add_data -client project -key random_id -value "4a6utq7c2vcqp7pvd4mngif6ai" -context "software_version_and_target_device"
# webtalk_add_data -client project -key project_id -value "2018.2_43" -context "software_version_and_target_device"
# webtalk_add_data -client project -key project_iteration -value "43" -context "software_version_and_target_device"
# webtalk_add_data -client project -key os_name -value "Microsoft Windows 8 or later , 64-bit" -context "user_environment"
# webtalk_add_data -client project -key os_release -value "major release  (build 9200)" -context "user_environment"
# webtalk_add_data -client project -key cpu_name -value "Intel(R) Core(TM) i7-8565U CPU @ 1.80GHz" -context "user_environment"
# webtalk_add_data -client project -key cpu_speed -value "1992 MHz" -context "user_environment"
# webtalk_add_data -client project -key total_processors -value "1" -context "user_environment"
# webtalk_add_data -client project -key system_ram -value "8.395 GB" -context "user_environment"
# webtalk_register_client -client sdk
# webtalk_add_data -client sdk -key uid -value "1693387079701" -context "sdk\\\\hardware/1693387079701"
# webtalk_add_data -client sdk -key isZynq -value "false" -context "sdk\\\\hardware/1693387079701"
# webtalk_add_data -client sdk -key isZynqMP -value "true" -context "sdk\\\\hardware/1693387079701"
# webtalk_add_data -client sdk -key Processors -value "7" -context "sdk\\\\hardware/1693387079701"
# webtalk_add_data -client sdk -key VivadoVersion -value "2018.2" -context "sdk\\\\hardware/1693387079701"
# webtalk_add_data -client sdk -key Arch -value "zynquplus" -context "sdk\\\\hardware/1693387079701"
# webtalk_add_data -client sdk -key Device -value "xczu7ev" -context "sdk\\\\hardware/1693387079701"
# webtalk_add_data -client sdk -key IsHandoff -value "true" -context "sdk\\\\hardware/1693387079701"
# webtalk_add_data -client sdk -key os -value "NA" -context "sdk\\\\hardware/1693387079701"
# webtalk_add_data -client sdk -key apptemplate -value "NA" -context "sdk\\\\hardware/1693387079701"
# webtalk_add_data -client sdk -key RecordType -value "HWCreation" -context "sdk\\\\hardware/1693387079701"
# webtalk_add_data -client sdk -key uid -value "NA" -context "sdk\\\\bsp/1693390170366"
# webtalk_add_data -client sdk -key RecordType -value "ToolUsage" -context "sdk\\\\bsp/1693390170366"
# webtalk_add_data -client sdk -key BootgenCount -value "1" -context "sdk\\\\bsp/1693390170366"
# webtalk_add_data -client sdk -key DebugCount -value "0" -context "sdk\\\\bsp/1693390170366"
# webtalk_add_data -client sdk -key PerfCount -value "0" -context "sdk\\\\bsp/1693390170366"
# webtalk_add_data -client sdk -key FlashCount -value "1" -context "sdk\\\\bsp/1693390170366"
# webtalk_add_data -client sdk -key CrossTriggCount -value "0" -context "sdk\\\\bsp/1693390170366"
# webtalk_add_data -client sdk -key QemuDebugCount -value "0" -context "sdk\\\\bsp/1693390170366"
# webtalk_transmit -clientid 1416710984 -regid "" -xml E:\\SISLAB\\zcu106_work\\Advanced-Embedded-System-Design-Flow-on-Zynq\\sources\\zcu106\\lab5\\lab5\\lab5.sdk\\webtalk\\usage_statistics_ext_sdk.xml -html E:\\SISLAB\\zcu106_work\\Advanced-Embedded-System-Design-Flow-on-Zynq\\sources\\zcu106\\lab5\\lab5\\lab5.sdk\\webtalk\\usage_statistics_ext_sdk.html -wdm E:\\SISLAB\\zcu106_work\\Advanced-Embedded-System-Design-Flow-on-Zynq\\sources\\zcu106\\lab5\\lab5\\lab5.sdk\\webtalk\\sdk_webtalk.wdm -intro "<H3>SDK Usage Report</H3><BR>"
# webtalk_terminate
INFO: [Common 17-206] Exiting Webtalk at Wed Aug 30 17:09:33 2023...
