#-----------------------------------------------------------
# Vivado v2018.2 (64-bit)
# SW Build 2258646 on Thu Jun 14 20:03:12 MDT 2018
# IP Build 2256618 on Thu Jun 14 22:10:49 MDT 2018
# Start of session at: Fri Aug 18 14:49:15 2023
# Process ID: 15872
# Current directory: E:/SISLAB/zcu106_work/Advanced-Embedded-System-Design-Flow-on-Zynq/sources/lab2/math_ip
# Command line: vivado.exe -gui_launcher_event rodinguilauncherevent7000 E:\SISLAB\zcu106_work\Advanced-Embedded-System-Design-Flow-on-Zynq\sources\lab2\math_ip\math_ip.xpr
# Log file: E:/SISLAB/zcu106_work/Advanced-Embedded-System-Design-Flow-on-Zynq/sources/lab2/math_ip/vivado.log
# Journal file: E:/SISLAB/zcu106_work/Advanced-Embedded-System-Design-Flow-on-Zynq/sources/lab2/math_ip\vivado.jou
#-----------------------------------------------------------
start_gui
open_project -part xczu7ev-ffvc1156-2-e E:/SISLAB/zcu106_work/Advanced-Embedded-System-Design-Flow-on-Zynq/sources/lab2/math_ip/math_ip.xpr
INFO: [ProjectBase 1-489] The host OS only allows 260 characters in a normal path. The project is stored in a path with more than 80 characters. If you experience issues with IP, Block Designs, or files not being found, please consider moving the project to a location with a shorter path. Alternately consider using the OS subst command to map part of the path to a drive letter.
Current project path is 'E:/SISLAB/zcu106_work/Advanced-Embedded-System-Design-Flow-on-Zynq/sources/lab2/math_ip'
INFO: [Project 1-313] Project file moved from 'C:/xup/adv_embedded/labs/math_ip' since last save.
WARNING: [filemgmt 56-3] IP Repository Path: Could not find the directory 'c:/xup/adv_embedded/labs/math_ip'.
INFO: [Project 1-563] Overriding project part, 'xc7vx485tffg1157-1', with new part: 'xczu7ev-ffvc1156-2-e'.
Scanning sources...
Finished scanning sources
INFO: [IP_Flow 19-234] Refreshing IP repositories
WARNING: [IP_Flow 19-2248] Failed to load user IP repository 'c:/xup/adv_embedded/labs/math_ip'; Can't find the specified path.
If this directory should no longer be in your list of user repositories, go to the IP Settings dialog and remove it.
INFO: [IP_Flow 19-2313] Loaded Vivado IP repository 'F:/Xilinx/Vivado/2018.2/data/ip'.
open_project: Time (s): cpu = 00:00:05 ; elapsed = 00:00:06 . Memory (MB): peak = 797.961 ; gain = 28.598
update_compile_order -fileset sources_1
exit
INFO: [Common 17-206] Exiting Vivado at Fri Aug 18 14:50:50 2023...
