14:48:56 INFO  : Registering command handlers for SDK TCF services
14:48:57 INFO  : Launching XSCT server: xsct.bat -interactive E:\SISLAB\zcu106_work\Advanced-Embedded-System-Design-Flow-on-Zynq\sources\zcu106\lab1\lab1\lab1.sdk\temp_xsdb_launch_script.tcl
14:49:00 INFO  : XSCT server has started successfully.
14:49:00 INFO  : Successfully done setting XSCT server connection channel  
14:49:00 INFO  : Successfully done setting SDK workspace  
14:49:00 INFO  : Processing command line option -hwspec E:/SISLAB/zcu106_work/Advanced-Embedded-System-Design-Flow-on-Zynq/sources/zcu106/lab1/lab1/lab1.sdk/system_wrapper.hdf.
14:55:48 INFO  : Connected to target on host '127.0.0.1' and port '3121'.
14:55:49 INFO  : 'targets -set -filter {jtag_cable_name =~ "Xilinx HW-FTDI-TEST FT232H 93429" && level==0} -index 0' command is executed.
14:56:00 INFO  : FPGA configured successfully with bitstream "E:/SISLAB/zcu106_work/Advanced-Embedded-System-Design-Flow-on-Zynq/sources/zcu106/lab1/lab1/lab1.sdk/system_wrapper_hw_platform_0/system_wrapper.bit"
14:56:26 INFO  : Connected to target on host '127.0.0.1' and port '3121'.
14:56:26 INFO  : Jtag cable 'Xilinx HW-FTDI-TEST FT232H 93429' is selected.
14:56:26 INFO  : 'jtag frequency' command is executed.
14:56:26 INFO  : Sourcing of 'F:/Xilinx/SDK/2018.2/scripts/sdk/util/zynqmp_utils.tcl' is done.
14:56:26 INFO  : Context for 'APU' is selected.
14:56:28 INFO  : System reset is completed.
14:56:31 INFO  : 'after 3000' command is executed.
14:56:31 INFO  : 'targets -set -filter {jtag_cable_name =~ "Xilinx HW-FTDI-TEST FT232H 93429" && level==0} -index 0' command is executed.
14:56:42 INFO  : FPGA configured successfully with bitstream "E:/SISLAB/zcu106_work/Advanced-Embedded-System-Design-Flow-on-Zynq/sources/zcu106/lab1/lab1/lab1.sdk/system_wrapper_hw_platform_0/system_wrapper.bit"
14:56:42 INFO  : Context for 'APU' is selected.
14:56:42 INFO  : Hardware design information is loaded from 'E:/SISLAB/zcu106_work/Advanced-Embedded-System-Design-Flow-on-Zynq/sources/zcu106/lab1/lab1/lab1.sdk/system_wrapper_hw_platform_0/system.hdf'.
14:56:42 INFO  : 'configparams force-mem-access 1' command is executed.
14:56:42 INFO  : Context for 'APU' is selected.
14:56:42 INFO  : Sourcing of 'E:/SISLAB/zcu106_work/Advanced-Embedded-System-Design-Flow-on-Zynq/sources/zcu106/lab1/lab1/lab1.sdk/system_wrapper_hw_platform_0/psu_init.tcl' is done.
14:56:45 INFO  : 'psu_init' command is executed.
14:56:46 INFO  : 'after 1000' command is executed.
14:56:46 INFO  : 'psu_ps_pl_isolation_removal' command is executed.
14:56:47 INFO  : 'after 1000' command is executed.
14:56:47 INFO  : 'psu_ps_pl_reset_config' command is executed.
14:56:47 INFO  : 'catch {psu_protection}' command is executed.
14:56:47 INFO  : Context for processor 'psu_cortexa53_0' is selected.
14:56:47 INFO  : Processor reset is completed for 'psu_cortexa53_0'.
14:56:47 INFO  : The application 'E:/SISLAB/zcu106_work/Advanced-Embedded-System-Design-Flow-on-Zynq/sources/zcu106/lab1/lab1/lab1.sdk/lab1/Debug/lab1.elf' is downloaded to processor 'psu_cortexa53_0'.
14:56:48 INFO  : 'configparams force-mem-access 0' command is executed.
14:56:48 INFO  : ----------------XSDB Script----------------
connect -url tcp:127.0.0.1:3121
source F:/Xilinx/SDK/2018.2/scripts/sdk/util/zynqmp_utils.tcl
targets -set -nocase -filter {name =~"APU*" && jtag_cable_name =~ "Xilinx HW-FTDI-TEST FT232H 93429"} -index 1
rst -system
after 3000
targets -set -filter {jtag_cable_name =~ "Xilinx HW-FTDI-TEST FT232H 93429" && level==0} -index 0
fpga -file E:/SISLAB/zcu106_work/Advanced-Embedded-System-Design-Flow-on-Zynq/sources/zcu106/lab1/lab1/lab1.sdk/system_wrapper_hw_platform_0/system_wrapper.bit
targets -set -nocase -filter {name =~"APU*" && jtag_cable_name =~ "Xilinx HW-FTDI-TEST FT232H 93429"} -index 1
loadhw -hw E:/SISLAB/zcu106_work/Advanced-Embedded-System-Design-Flow-on-Zynq/sources/zcu106/lab1/lab1/lab1.sdk/system_wrapper_hw_platform_0/system.hdf -mem-ranges [list {0x80000000 0xbfffffff} {0x400000000 0x5ffffffff} {0x1000000000 0x7fffffffff}]
configparams force-mem-access 1
targets -set -nocase -filter {name =~"APU*" && jtag_cable_name =~ "Xilinx HW-FTDI-TEST FT232H 93429"} -index 1
source E:/SISLAB/zcu106_work/Advanced-Embedded-System-Design-Flow-on-Zynq/sources/zcu106/lab1/lab1/lab1.sdk/system_wrapper_hw_platform_0/psu_init.tcl
psu_init
after 1000
psu_ps_pl_isolation_removal
after 1000
psu_ps_pl_reset_config
catch {psu_protection}
targets -set -nocase -filter {name =~"*A53*0" && jtag_cable_name =~ "Xilinx HW-FTDI-TEST FT232H 93429"} -index 1
rst -processor
dow E:/SISLAB/zcu106_work/Advanced-Embedded-System-Design-Flow-on-Zynq/sources/zcu106/lab1/lab1/lab1.sdk/lab1/Debug/lab1.elf
configparams force-mem-access 0
----------------End of Script----------------

14:56:48 INFO  : Context for processor 'psu_cortexa53_0' is selected.
14:56:48 INFO  : 'con' command is executed.
14:56:48 INFO  : ----------------XSDB Script (After Launch)----------------
targets -set -nocase -filter {name =~"*A53*0" && jtag_cable_name =~ "Xilinx HW-FTDI-TEST FT232H 93429"} -index 1
con
----------------End of Script----------------

14:56:48 INFO  : Launch script is exported to file 'E:\SISLAB\zcu106_work\Advanced-Embedded-System-Design-Flow-on-Zynq\sources\zcu106\lab1\lab1\lab1.sdk\.sdk\launch_scripts\xilinx_c-c++_application_(system_debugger)\system_debugger_using_debug_lab1.elf_on_local.tcl'
15:03:22 INFO  : Invoking Bootgen: bootgen -image lab1.bif -arch zynqmp -o E:\SISLAB\zcu106_work\Advanced-Embedded-System-Design-Flow-on-Zynq\sources\zcu106\lab1\lab1.bin
15:03:22 INFO  : Creating new bif file E:\SISLAB\zcu106_work\Advanced-Embedded-System-Design-Flow-on-Zynq\sources\zcu106\lab1\lab1.bif
15:03:25 INFO  : Bootgen command execution is done.
15:03:46 INFO  : Disconnected from the channel tcfchan#1.
09:38:44 INFO  : Launching XSCT server: xsct.bat -interactive E:\SISLAB\zcu106_work\Advanced-Embedded-System-Design-Flow-on-Zynq\sources\zcu106\lab1\lab1\lab1.sdk\temp_xsdb_launch_script.tcl
09:38:48 INFO  : XSCT server has started successfully.
09:38:48 INFO  : Successfully done setting XSCT server connection channel  
09:38:52 INFO  : Successfully done setting SDK workspace  
09:39:19 INFO  : Registering command handlers for SDK TCF services
09:39:19 INFO  : Processing command line option -hwspec E:/SISLAB/zcu106_work/Advanced-Embedded-System-Design-Flow-on-Zynq/sources/zcu106/lab1/lab1/lab1.sdk/system_wrapper.hdf.
09:39:20 INFO  : Checking for hwspec changes in the project system_wrapper_hw_platform_0.
17:28:10 INFO  : Launching XSCT server: xsct.bat -interactive E:\SISLAB\zcu106_work\Advanced-Embedded-System-Design-Flow-on-Zynq\sources\zcu106\lab1\lab1\lab1.sdk\temp_xsdb_launch_script.tcl
17:28:13 INFO  : XSCT server has started successfully.
17:28:13 INFO  : Successfully done setting XSCT server connection channel  
17:28:14 INFO  : Successfully done setting SDK workspace  
17:28:28 INFO  : Registering command handlers for SDK TCF services
17:28:28 INFO  : Processing command line option -hwspec E:/SISLAB/zcu106_work/Advanced-Embedded-System-Design-Flow-on-Zynq/sources/zcu106/lab5/lab5/lab5.sdk/system_wrapper.hdf.
22:21:09 INFO  : Launching XSCT server: xsct.bat -interactive E:\SISLAB\zcu106_work\Advanced-Embedded-System-Design-Flow-on-Zynq\sources\zcu106\lab1\lab1\lab1.sdk\temp_xsdb_launch_script.tcl
22:21:14 INFO  : XSCT server has started successfully.
22:21:14 INFO  : Successfully done setting XSCT server connection channel  
22:21:30 INFO  : Successfully done setting SDK workspace  
22:21:54 INFO  : Registering command handlers for SDK TCF services
23:38:00 INFO  : Registering command handlers for SDK TCF services
23:38:01 INFO  : Launching XSCT server: xsct.bat -interactive E:\SISLAB\zcu106_work\Advanced-Embedded-System-Design-Flow-on-Zynq\sources\zcu106\lab1\lab1\lab1.sdk\temp_xsdb_launch_script.tcl
23:38:04 INFO  : XSCT server has started successfully.
23:38:04 INFO  : Successfully done setting XSCT server connection channel  
23:38:05 INFO  : Successfully done setting SDK workspace  
13:44:48 INFO  : Launching XSCT server: xsct.bat -interactive E:\SISLAB\zcu106_work\Advanced-Embedded-System-Design-Flow-on-Zynq\sources\zcu106\lab1\lab1\lab1.sdk\temp_xsdb_launch_script.tcl
13:44:53 INFO  : XSCT server has started successfully.
13:44:53 INFO  : Successfully done setting XSCT server connection channel  
13:45:08 INFO  : Successfully done setting SDK workspace  
13:45:32 INFO  : Registering command handlers for SDK TCF services
14:27:49 INFO  : Registering command handlers for SDK TCF services
14:27:49 INFO  : Launching XSCT server: xsct.bat -interactive E:\SISLAB\zcu106_work\Advanced-Embedded-System-Design-Flow-on-Zynq\sources\zcu106\lab1\lab1\lab1.sdk\temp_xsdb_launch_script.tcl
14:27:54 INFO  : XSCT server has started successfully.
14:27:54 INFO  : Successfully done setting XSCT server connection channel  
14:27:54 INFO  : Successfully done setting SDK workspace  
