Copyright 1986-2018 Xilinx, Inc. All Rights Reserved.
-------------------------------------------------------------------------------------------------------------------------
| Tool Version : Vivado v.2018.2 (win64) Build 2258646 Thu Jun 14 20:03:12 MDT 2018
| Date         : Wed Aug 30 15:57:54 2023
| Host         : LAPTOP-TRUNG running 64-bit major release  (build 9200)
| Command      : report_utilization -file system_wrapper_utilization_placed.rpt -pb system_wrapper_utilization_placed.pb
| Design       : system_wrapper
| Device       : xczu7evffvc1156-2
| Design State : Fully Placed
-------------------------------------------------------------------------------------------------------------------------

Utilization Design Information

Table of Contents
-----------------
1. CLB Logic
1.1 Summary of Registers by Type
2. CLB Logic Distribution
3. BLOCKRAM
4. ARITHMETIC
5. I/O
6. CLOCK
7. ADVANCED
8. CONFIGURATION
9. Primitives
10. Black Boxes
11. Instantiated Netlists

1. CLB Logic
------------

+----------------------------+------+-------+-----------+-------+
|          Site Type         | Used | Fixed | Available | Util% |
+----------------------------+------+-------+-----------+-------+
| CLB LUTs                   | 4795 |     0 |    230400 |  2.08 |
|   LUT as Logic             | 4066 |     0 |    230400 |  1.76 |
|   LUT as Memory            |  729 |     0 |    101760 |  0.72 |
|     LUT as Distributed RAM |  288 |     0 |           |       |
|     LUT as Shift Register  |  441 |     0 |           |       |
| CLB Registers              | 6015 |     0 |    460800 |  1.31 |
|   Register as Flip Flop    | 6015 |     0 |    460800 |  1.31 |
|   Register as Latch        |    0 |     0 |    460800 |  0.00 |
| CARRY8                     |   10 |     0 |     28800 |  0.03 |
| F7 Muxes                   |    5 |     0 |    115200 | <0.01 |
| F8 Muxes                   |    0 |     0 |     57600 |  0.00 |
| F9 Muxes                   |    0 |     0 |     28800 |  0.00 |
+----------------------------+------+-------+-----------+-------+


1.1 Summary of Registers by Type
--------------------------------

+-------+--------------+-------------+--------------+
| Total | Clock Enable | Synchronous | Asynchronous |
+-------+--------------+-------------+--------------+
| 0     |            _ |           - |            - |
| 0     |            _ |           - |          Set |
| 0     |            _ |           - |        Reset |
| 0     |            _ |         Set |            - |
| 0     |            _ |       Reset |            - |
| 0     |          Yes |           - |            - |
| 33    |          Yes |           - |          Set |
| 69    |          Yes |           - |        Reset |
| 259   |          Yes |         Set |            - |
| 5654  |          Yes |       Reset |            - |
+-------+--------------+-------------+--------------+


2. CLB Logic Distribution
-------------------------

+-------------------------------------------+------+-------+-----------+-------+
|                 Site Type                 | Used | Fixed | Available | Util% |
+-------------------------------------------+------+-------+-----------+-------+
| CLB                                       |  985 |     0 |     28800 |  3.42 |
|   CLBL                                    |  482 |     0 |           |       |
|   CLBM                                    |  503 |     0 |           |       |
| LUT as Logic                              | 4066 |     0 |    230400 |  1.76 |
|   using O5 output only                    |  157 |       |           |       |
|   using O6 output only                    | 2793 |       |           |       |
|   using O5 and O6                         | 1116 |       |           |       |
| LUT as Memory                             |  729 |     0 |    101760 |  0.72 |
|   LUT as Distributed RAM                  |  288 |     0 |           |       |
|     using O5 output only                  |    0 |       |           |       |
|     using O6 output only                  |    0 |       |           |       |
|     using O5 and O6                       |  288 |       |           |       |
|   LUT as Shift Register                   |  441 |     0 |           |       |
|     using O5 output only                  |    0 |       |           |       |
|     using O6 output only                  |  441 |       |           |       |
|     using O5 and O6                       |    0 |       |           |       |
| LUT Flip Flop Pairs                       | 2692 |     0 |    230400 |  1.17 |
|   fully used LUT-FF pairs                 |  857 |       |           |       |
|   LUT-FF pairs with one unused LUT output | 1781 |       |           |       |
|   LUT-FF pairs with one unused Flip Flop  | 1402 |       |           |       |
| Unique Control Sets                       |  293 |       |           |       |
+-------------------------------------------+------+-------+-----------+-------+
* Note: Review the Control Sets Report for more information regarding control sets.


3. BLOCKRAM
-----------

+-------------------+------+-------+-----------+-------+
|     Site Type     | Used | Fixed | Available | Util% |
+-------------------+------+-------+-----------+-------+
| Block RAM Tile    |   16 |     0 |       312 |  5.13 |
|   RAMB36/FIFO*    |   16 |     0 |       312 |  5.13 |
|     RAMB36E2 only |   16 |       |           |       |
|   RAMB18          |    0 |     0 |       624 |  0.00 |
| URAM              |    0 |     0 |        96 |  0.00 |
+-------------------+------+-------+-----------+-------+
* Note: Each Block RAM Tile only has one FIFO logic available and therefore can accommodate only one FIFO36E2 or one FIFO18E2. However, if a FIFO18E2 occupies a Block RAM Tile, that tile can still accommodate a RAMB18E2


4. ARITHMETIC
-------------

+-----------+------+-------+-----------+-------+
| Site Type | Used | Fixed | Available | Util% |
+-----------+------+-------+-----------+-------+
| DSPs      |    0 |     0 |      1728 |  0.00 |
+-----------+------+-------+-----------+-------+


5. I/O
------

+------------------+------+-------+-----------+-------+
|     Site Type    | Used | Fixed | Available | Util% |
+------------------+------+-------+-----------+-------+
| Bonded IOB       |   21 |    21 |       360 |  5.83 |
| HPIOB_M          |   10 |    10 |       144 |  6.94 |
|   INPUT          |    6 |       |           |       |
|   OUTPUT         |    4 |       |           |       |
|   BIDIR          |    0 |       |           |       |
| HPIOB_S          |   10 |    10 |       144 |  6.94 |
|   INPUT          |    6 |       |           |       |
|   OUTPUT         |    4 |       |           |       |
|   BIDIR          |    0 |       |           |       |
| HDIOB_M          |    0 |     0 |        24 |  0.00 |
| HDIOB_S          |    0 |     0 |        24 |  0.00 |
| HPIOB_SNGL       |    1 |     1 |        24 |  4.17 |
|   INPUT          |    1 |       |           |       |
|   OUTPUT         |    0 |       |           |       |
|   BIDIR          |    0 |       |           |       |
| HPIOBDIFFINBUF   |    0 |     0 |       192 |  0.00 |
| HPIOBDIFFOUTBUF  |    0 |     0 |       192 |  0.00 |
| HDIOBDIFFINBUF   |    0 |     0 |        48 |  0.00 |
| BITSLICE_CONTROL |    0 |     0 |        64 |  0.00 |
| BITSLICE_RX_TX   |    0 |     0 |       416 |  0.00 |
| BITSLICE_TX      |    0 |     0 |        64 |  0.00 |
| RIU_OR           |    0 |     0 |        32 |  0.00 |
+------------------+------+-------+-----------+-------+


6. CLOCK
--------

+----------------------+------+-------+-----------+-------+
|       Site Type      | Used | Fixed | Available | Util% |
+----------------------+------+-------+-----------+-------+
| GLOBAL CLOCK BUFFERs |    2 |     0 |       544 |  0.37 |
|   BUFGCE             |    0 |     0 |       208 |  0.00 |
|   BUFGCE_DIV         |    0 |     0 |        32 |  0.00 |
|   BUFG_GT            |    0 |     0 |       144 |  0.00 |
|   BUFG_PS            |    2 |     0 |        96 |  2.08 |
|   BUFGCTRL*          |    0 |     0 |        64 |  0.00 |
| PLL                  |    0 |     0 |        16 |  0.00 |
| MMCM                 |    0 |     0 |         8 |  0.00 |
+----------------------+------+-------+-----------+-------+
* Note: Each used BUFGCTRL counts as two global buffer resources. This table does not include global clocking resources, only buffer cell usage. See the Clock Utilization Report (report_clock_utilization) for detailed accounting of global clocking resource availability.


7. ADVANCED
-----------

+-----------------+------+-------+-----------+--------+
|    Site Type    | Used | Fixed | Available |  Util% |
+-----------------+------+-------+-----------+--------+
| GTHE4_CHANNEL   |    0 |     0 |        20 |   0.00 |
| GTHE4_COMMON    |    0 |     0 |         5 |   0.00 |
| OBUFDS_GTE4     |    0 |     0 |        10 |   0.00 |
| OBUFDS_GTE4_ADV |    0 |     0 |        10 |   0.00 |
| PCIE40E4        |    0 |     0 |         2 |   0.00 |
| PS8             |    1 |     0 |         1 | 100.00 |
| SYSMONE4        |    0 |     0 |         1 |   0.00 |
| VCU             |    0 |     0 |         1 |   0.00 |
+-----------------+------+-------+-----------+--------+


8. CONFIGURATION
----------------

+-------------+------+-------+-----------+-------+
|  Site Type  | Used | Fixed | Available | Util% |
+-------------+------+-------+-----------+-------+
| BSCANE2     |    0 |     0 |         4 |  0.00 |
| DNA_PORTE2  |    0 |     0 |         1 |  0.00 |
| EFUSE_USR   |    0 |     0 |         1 |  0.00 |
| FRAME_ECCE4 |    0 |     0 |         1 |  0.00 |
| ICAPE3      |    0 |     0 |         2 |  0.00 |
| MASTER_JTAG |    0 |     0 |         1 |  0.00 |
| STARTUPE3   |    0 |     0 |         1 |  0.00 |
+-------------+------+-------+-----------+-------+


9. Primitives
-------------

+----------+------+---------------------+
| Ref Name | Used | Functional Category |
+----------+------+---------------------+
| FDRE     | 5654 |            Register |
| LUT3     | 1571 |                 CLB |
| LUT6     | 1536 |                 CLB |
| LUT5     |  817 |                 CLB |
| LUT4     |  802 |                 CLB |
| RAMD32   |  504 |                 CLB |
| SRLC32E  |  426 |                 CLB |
| LUT2     |  380 |                 CLB |
| FDSE     |  259 |            Register |
| LUT1     |   76 |                 CLB |
| RAMS32   |   72 |                 CLB |
| FDCE     |   69 |            Register |
| FDPE     |   33 |            Register |
| RAMB36E2 |   16 |           Block Ram |
| SRL16E   |   15 |                 CLB |
| INBUF    |   13 |                 I/O |
| IBUFCTRL |   13 |              Others |
| CARRY8   |   10 |                 CLB |
| OBUF     |    8 |                 I/O |
| MUXF7    |    5 |                 CLB |
| BUFG_PS  |    2 |               Clock |
| PS8      |    1 |            Advanced |
+----------+------+---------------------+


10. Black Boxes
---------------

+----------+------+
| Ref Name | Used |
+----------+------+


11. Instantiated Netlists
-------------------------

+-------------------------------+------+
|            Ref Name           | Used |
+-------------------------------+------+
| system_zynq_ultra_ps_e_0_0    |    1 |
| system_xbar_1                 |    1 |
| system_rst_ps8_0_99M_1        |    1 |
| system_rst_ps8_0_136M_1       |    1 |
| system_axi_smc_1              |    1 |
| system_axi_gpio_0_3           |    1 |
| system_axi_gpio_0_2           |    1 |
| system_axi_gpio_0_1           |    1 |
| system_axi_bram_ctrl_0_bram_1 |    1 |
| system_axi_bram_ctrl_0_1      |    1 |
| system_auto_pc_0              |    1 |
| system_auto_ds_0              |    1 |
+-------------------------------+------+


